<?xml version="1.0" encoding="UTF-8"?>
<!-- Generated by org.testng.reporters.JUnitReportReporter -->
<testsuite skipped="0" hostname="prashanths-wi8" name="ePrize.androidMobile.SMSTest.MotorolaTurboAndroidSMSTest" tests="1" failures="0" timestamp="05 Jul 2018 06:36:18 GMT" time="1017.231" errors="0">
  <testcase name="verifySMSRequestandResponse" time="1017.231" classname="ePrize.androidMobile.SMSTest.MotorolaTurboAndroidSMSTest"/>
</testsuite> <!-- ePrize.androidMobile.SMSTest.MotorolaTurboAndroidSMSTest -->
