<?xml version="1.0" encoding="UTF-8"?>
<!-- Generated by org.testng.reporters.JUnitReportReporter -->
<testsuite skipped="0" hostname="prashanths-wi8" name="ePrize.androidMobile.SMSTest.SamsungGalaxyS9AndroidSMSTest" tests="1" failures="0" timestamp="05 Jul 2018 09:44:00 GMT" time="1162.468" errors="0">
  <testcase name="verifySMSRequestandResponse" time="1162.468" classname="ePrize.androidMobile.SMSTest.SamsungGalaxyS9AndroidSMSTest"/>
</testsuite> <!-- ePrize.androidMobile.SMSTest.SamsungGalaxyS9AndroidSMSTest -->
